298.35619	56.63	-170.3
303.35671	56.89	-174.7
308.44104	57.08	-179.4
313.61059	57.15	175.5
318.86678	57.01	170.3
324.21107	56.59	165.4
329.64492	55.86	162.1
335.16985	54.83	161.9
340.78738	53.7	166.5
346.49906	53.06	175.8
352.30647	53.48	-173.5
358.21121	54.66	-166
364.21492	55.95	-162.8
370.31925	57.08	-162.5
376.5259	58.06	-163.8
382.83656	58.85	-166.3
389.253	59.43	-169.6
395.77697	59.75	-173.3
402.41029	59.81	-176.2
409.15479	59.69	-177.5
416.01232	59.53	-176.7
422.98479	59.57	-173.7
430.07412	60.04	-169.7
437.28226	60.92	-166.9
444.61122	61.93	-166.7
452.06302	62.8	-168.9
459.6397	63.43	-172.5
467.34338	63.82	-176.8
475.17617	63.94	178.9
483.14023	63.79	175.6
491.23778	63.45	174.1
499.47105	63.1	175
507.84231	62.95	177.5
516.35387	63.03	-179.4
525.00808	63.26	-176.2
533.80735	63.69	-172.6
542.75409	64.38	-169.2
551.85078	65.33	-166.9
561.09994	66.39	-166.8
570.50411	67.33	-169.2
580.0659	67.99	-173.3
589.78794	68.34	-177.7
599.67293	68.44	178.6
609.7236	68.39	176
619.94272	68.29	174.7
630.33311	68.22	174.4
640.89765	68.2	174.7
651.63925	68.19	175.5
662.56088	68.23	177.4
673.66556	68.48	-179.8
684.95636	69.01	-177.3
696.4364	69.66	-176
708.10884	70.31	-175.9
719.97692	70.94	-176.5
732.04391	71.56	-178.1
744.31315	72.07	179.1
756.78802	72.33	175.6
769.47197	72.32	172.6
782.36851	72.14	171
795.4812	71.91	171.2
808.81366	71.75	173
822.36957	71.77	176.1
836.15269	72.11	-180
850.16681	72.76	-176.7
864.41582	73.55	-175.1
878.90364	74.29	-174.9
893.63428	75.03	-175.2
908.61181	75.79	-176.5
923.84036	76.44	-179.3
939.32415	76.81	176.9
955.06746	76.86	174
971.07462	76.83	173.2
987.35007	76.96	173.8
1003.8983	77.32	174.5
1020.7239	77.78	174.3
1037.8315	78.16	172.8
1055.2258	78.34	171.1
1072.9116	78.34	170.6
1090.8939	78.37	172.1
1109.1775	78.68	174.9
1127.7676	79.33	177.1
1146.6693	80.06	177.5
1165.8877	80.66	176.8
1185.4283	81.17	176
1205.2964	81.66	175.5
1225.4974	82.15	174.9
1246.0371	82.66	174.4
1266.9209	83.19	174
1288.1549	83.79	173.6
1309.7446	84.47	172.7
1331.6963	85.11	170.8
1354.0158	85.6	168.3
1376.7095	85.96	166.4
1399.7835	86.37	165.6
1423.2442	86.96	164.9
1447.0981	87.64	163.5
1471.3518	88.29	161.1
1496.012	88.83	158
1521.0856	89.26	155.1
1546.5793	89.69	152.8
1572.5004	90.22	150.7
1598.8559	90.85	147.8
1625.6531	91.4	143.7
1652.8994	91.75	139.1
1680.6024	91.96	134.9
1708.7697	92.13	131.6
1737.4091	92.34	128.9
1766.5285	92.66	126.5
1796.136	93.07	123.5
1826.2397	93.44	119.3
1856.8479	93.69	114.7
1887.9691	93.85	110.2
1919.612	93.91	105.5
1951.7851	93.79	101
1984.4975	93.55	98
2017.7582	93.4	96.4
2051.5763	93.46	95
2085.9612	93.59	92.8
2120.9224	93.69	90.2
2156.4696	93.75	87.3
2192.6126	93.71	84
2229.3613	93.5	81.2
2266.7259	93.21	79.8
2304.7168	93.02	79.9
2343.3444	93.04	80.7
2382.6195	93.29	80.8
2422.5528	93.58	79.7
2463.1553	93.79	78
2504.4384	93.95	76.7
2546.4134	94.2	75.5
2589.0919	94.55	73.6
2632.4858	94.85	70.5
2676.6069	94.98	66.8
2721.4674	94.97	63.4
2767.0799	94.9	60.5
2813.4568	94.8	58
2860.6111	94.7	55.9
2908.5556	94.62	54.1
2957.3037	94.56	52.3
3006.8689	94.51	50.6
3057.2647	94.5	49.2
3108.5052	94.58	47.5
3160.6045	94.7	44.8
3213.577	94.67	41
3267.4374	94.4	37.4
3322.2004	93.96	35.1
3377.8813	93.54	34.5
3434.4954	93.31	34.9
3492.0584	93.3	34.7
3550.5862	93.35	33.5
3610.0949	93.29	31.4
3670.6009	93.09	29.2
3732.1211	92.77	27.4
3794.6724	92.36	26.3
3858.272	91.9	26.2
3922.9376	91.44	27.5
3988.687	91.15	30.6
4055.5384	91.29	34.3
4123.5102	91.78	35.9
4192.6212	92.15	34.9
4262.8906	92.26	33.8
4334.3377	92.45	33.8
4406.9822	92.85	32.7
4480.8443	93.09	29.2
4555.9444	92.91	25.5
4632.3031	92.53	24.1
4709.9417	92.31	24
4788.8814	92.16	23.6
4869.1443	91.88	23.9
4950.7523	91.75	26.3
5033.7281	92.08	28.5
5118.0947	92.51	28.2
5203.8752	92.75	27
5291.0934	93.07	26.1
5379.7734	93.43	23.5
5469.9397	93.46	19.7
5561.6173	93.26	17.8
5654.8313	93.28	16.7
5749.6077	93.27	14.1
5845.9725	93	12.4
5943.9525	92.9	12.1
6043.5746	92.87	10.1
6144.8664	92.49	8.8
6247.8558	92.14	10.1
6352.5714	92.08	11.7
6459.0421	92.19	13.8
6567.2972	92.67	15.5
6677.3667	93.2	14.7
6789.281	93.66	13.3
6903.071	94.3	10.8
7018.7682	94.76	5.1
7136.4045	94.81	-1.8
7256.0123	94.48	-8.7
7377.6249	93.73	-14.1
7501.2757	92.72	-16.5
7626.9989	91.62	-15.8
7754.8293	90.68	-11.1
7884.8021	90.35	-5
8016.9533	90.47	1.3
8151.3194	91.33	8
8287.9375	92.76	10.2
8426.8454	93.86	5.7
8568.0814	94.29	-1.3
8711.6845	94.25	-7.3
8857.6945	94.02	-12
9006.1516	93.61	-15.1
9157.0969	93.15	-15.9
9310.5721	92.99	-15
9466.6196	93.2	-14.6
9625.2825	93.51	-16.5
9786.6046	93.63	-19.9
9950.6305	93.55	-23.5
10117.405	93.28	-26.7
10286.976	92.8	-28.5
10459.388	92.34	-27.5
10634.69	92.26	-25.2
10812.93	92.68	-24
10994.157	93.21	-25.3
11178.422	93.61	-29.6
11365.775	93.62	-34.8
11556.268	93.24	-39.1
11749.954	92.91	-41.4
11946.886	92.56	-42.4
12147.119	92.21	-43.3
12350.708	92.24	-43
12557.708	92.37	-43.9
12768.179	92.3	-47.6
12982.177	91.97	-49.9
13199.761	91.42	-50
13420.992	91.06	-49.9
13645.931	91.08	-49.1
13874.641	91.1	-47.1
14107.183	91.09	-46.2
14343.623	91.16	-47.6
14584.025	91.22	-47.6
14828.457	91.5	-44.6
15076.986	92.18	-43.1
15329.68	92.9	-46.1
15586.609	93.37	-51.3
15847.844	93.62	-56.3
16113.458	93.69	-60.1
16383.524	93.76	-62
16658.115	94.07	-64.5
16937.31	94.34	-69.9
17221.183	94.2	-76.1
17509.814	93.81	-80.2
17803.283	93.67	-82.6
18101.67	93.81	-86.2
18405.059	93.75	-92.3
18713.532	93.18	-97.6
19027.176	92.5	-98.8
19346.076	92.32	-99.2
19670.321	92.25	-101.9
20000	92.14	-103.9
