19.86599	60.6	-143.3
20.19895	60.51	-135.4
20.53749	60.25	-125.2
20.8817	59.59	-111.8
21.23169	58.5	-96
21.58753	57.54	-82.1
21.94935	57.59	-75.2
22.31722	59.44	-75.7
22.69126	62.31	-81.8
23.07158	64.74	-90.6
23.45826	66.12	-99.7
23.85143	66.67	-108.5
24.25118	66.89	-116.8
24.65764	67.09	-123.7
25.07091	67.51	-128.8
25.4911	68.21	-132.3
25.91834	68.93	-135.2
26.35274	69.38	-138.5
26.79441	69.51	-142.6
27.2435	69.49	-147.4
27.7001	69.44	-152.1
28.16436	69.39	-156.4
28.63641	69.37	-160.1
29.11636	69.38	-162.5
29.60436	69.46	-163.5
30.10053	69.63	-163.8
30.60502	69.82	-164
31.11797	69.97	-164.7
31.63952	70.09	-166.2
32.1698	70.24	-168
32.70898	70.46	-169.8
33.25719	70.74	-171.5
33.81459	71.01	-173
34.38133	71.24	-174.4
34.95757	71.45	-175.6
35.54346	71.64	-176.9
36.13918	71.83	-178.2
36.74488	72.05	-157.6
37.36074	72.32	178.8
37.98691	72.58	177
38.62358	72.81	175.6
39.27092	72.99	174.4
39.92911	73.17	173.2
40.59833	73.36	171.9
41.27877	73.58	170.7
41.97061	73.84	169.6
42.67405	74.1	169.1
43.38928	74.39	169
44.11649	74.87	169
44.8559	75.53	168.2
45.60769	76.09	165.9
46.37209	76.44	161.8
47.1493	76.66	157.6
47.93953	76.83	154.4
48.74301	76.99	151.8
49.55995	77.15	149.4
50.39059	77.31	146.8
51.23515	77.47	144.2
52.09386	77.59	141.3
52.96697	77.64	138.4
53.85471	77.62	135.6
54.75733	77.55	133.1
55.67507	77.45	131.2
56.6082	77.34	129.6
57.55697	77.24	128.3
58.52164	77.16	127.4
59.50247	77.1	126.8
60.49975	77.04	126.3
61.51374	76.97	126
62.54472	76.94	126.2
63.59299	76.98	126.7
64.65882	77.08	127.2
65.74252	77.26	127.7
66.84438	77.48	128.1
67.96471	77.74	128.1
69.10382	78.01	128
70.26201	78.29	127.6
71.43962	78.57	127
72.63697	78.84	126.3
73.85438	79.12	125.5
75.0922	79.39	124.5
76.35076	79.67	123.5
77.63042	79.93	122.4
78.93152	80.19	121.2
80.25443	80.44	119.9
81.59952	80.7	118.6
82.96715	80.96	117.1
84.3577	81.21	115.4
85.77155	81.44	113.5
87.2091	81.66	111.6
88.67075	81.84	109.4
90.15689	81.99	107.1
91.66795	82.09	104.8
93.20432	82.15	102.3
94.76645	82.13	99.8
96.35476	81.99	97.3
97.96969	81.72	95.7
99.61168	81.41	95.5
101.2812	81.23	96.5
102.9787	81.22	98
104.70465	81.38	99.1
106.45952	81.62	99.7
108.24381	81.86	99.7
110.058	82.11	99.4
111.9026	82.35	98.9
113.77812	82.57	98.2
115.68507	82.78	97.4
117.62398	82.98	96.5
119.59538	83.16	95.6
121.59983	83.33	94.6
123.63787	83.49	93.7
125.71007	83.64	92.8
127.81701	83.8	91.9
129.95925	83.95	91
132.1374	84.1	90.1
134.35205	84.26	89.2
136.60383	84.41	88.2
138.89334	84.56	87.2
141.22123	84.7	86.2
143.58813	84.84	85.1
145.9947	84.96	84.1
148.44161	85.08	83.1
150.92953	85.2	82.1
153.45914	85.32	81.1
156.03116	85.43	80
158.64628	85.53	79.1
161.30523	85.63	78.1
164.00874	85.73	77.2
166.75757	85.83	76.4
169.55247	85.93	75.6
172.39421	86.05	74.8
175.28358	86.19	74
178.22137	86.33	73
181.2084	86.46	71.9
184.2455	86.57	70.7
187.3335	86.65	69.5
190.47326	86.73	68.4
193.66564	86.8	67.3
196.91152	86.87	66.2
200.2118	86.93	65.2
203.5674	86.98	64.2
206.97924	87.03	63.3
210.44827	87.08	62.5
213.97543	87.13	61.6
217.56171	87.18	60.9
221.2081	87.24	60.1
224.9156	87.29	59.4
228.68524	87.35	58.7
232.51806	87.42	58
236.41512	87.48	57.2
240.3775	87.55	56.5
244.40628	87.62	55.7
248.50259	87.68	54.9
252.66756	87.74	54.1
256.90233	87.8	53.4
261.20807	87.85	52.6
265.58598	87.9	51.9
270.03727	87.96	51.2
274.56316	88.01	50.5
279.16491	88.06	49.7
283.84378	88.12	49.1
288.60107	88.18	48.4
293.43809	88.23	47.6
298.35619	88.29	46.9
303.35671	88.34	46.1
308.44104	88.39	45.3
313.61059	88.44	44.6
318.86678	88.48	43.8
324.21107	88.51	43
329.64492	88.53	42.3
335.16985	88.55	41.7
340.78738	88.58	41.1
346.49906	88.62	40.5
352.30647	88.66	39.8
358.21121	88.7	39.1
364.21492	88.73	38.4
370.31925	88.76	37.7
376.5259	88.77	37
382.83656	88.78	36.4
389.253	88.79	35.8
395.77697	88.8	35.3
402.41029	88.82	34.9
409.15479	88.84	34.5
416.01232	88.88	34.1
422.98479	88.93	33.6
430.07412	88.97	33.1
437.28226	89.02	32.5
444.61122	89.05	31.8
452.06302	89.04	32.2
459.6397	89.03	32
467.34338	88.99	31.3
475.17617	88.87	30.1
483.14023	88.62	28.8
491.23778	88.2	28
499.47105	87.66	28.2
507.84231	87.06	30
516.35387	86.53	33.5
525.00808	86.24	38.5
533.80735	86.33	44.1
542.75409	86.76	48.9
551.85078	87.42	52.3
561.09994	88.18	53.5
570.50411	88.87	52.3
580.0659	89.37	49.2
589.78794	89.62	44.9
599.67293	89.56	40.1
609.7236	89.18	35
619.94272	88.59	31.6
630.33311	87.89	30.1
640.89765	87.12	30.6
651.63925	86.36	33.8
662.56088	85.94	40
673.66556	86.19	47
684.95636	87	51.9
696.4364	87.96	53.4
708.10884	88.82	52.5
719.97692	89.51	49.6
732.04391	89.99	45.4
744.31315	90.22	40.4
756.78802	90.16	35.1
769.47197	89.78	30.5
782.36851	89.12	27.5
795.4812	88.26	27
808.81366	87.35	29.9
822.36957	86.73	36.5
836.15269	86.85	45.5
850.16681	87.85	52.9
864.41582	89.2	56
878.90364	90.46	54.9
893.63428	91.47	50.8
908.61181	92.16	44.5
923.84036	92.4	36.9
939.32415	92.15	29.7
955.06746	91.44	25.3
971.07462	90.66	25.4
987.35007	90.34	28.4
1003.8983	90.67	30.6
1020.7239	91.23	29.2
1037.8315	91.45	24.2
1055.2258	91.09	18.8
1072.9116	90.14	16.5
1090.8939	89.07	20.7
1109.1775	88.91	29.9
1127.7676	89.98	36.2
1146.6693	91.16	35.5
1165.8877	91.83	30.4
1185.4283	91.93	24.6
1205.2964	91.6	20.4
1225.4974	91.1	19.1
1246.0371	90.73	20.4
1266.9209	90.79	22.9
1288.1549	91.26	24.2
1309.7446	91.87	22.8
1331.6963	92.27	18.4
1354.0158	92.19	12.8
1376.7095	91.59	9.2
1399.7835	90.89	10.2
1423.2442	90.81	14.1
1447.0981	91.45	15.4
1471.3518	92.07	11.6
1496.012	92.09	4.9
1521.0856	91.37	-0.4
1546.5793	90.28	0.2
1572.5004	89.84	6.2
1598.8559	90.52	9.7
1625.6531	91.3	6.2
1652.8994	91.27	-1.4
1680.6024	90.37	-6.9
1708.7697	89.04	-6.1
1737.4091	88.18	0.7
1766.5285	88.39	7.6
1796.136	89.06	8.9
1826.2397	89.29	6.8
1856.8479	89.15	6.3
1887.9691	89.44	7.4
1919.612	90	3.6
1951.7851	89.66	-4.5
1984.4975	87.99	-5.3
2017.7582	86.88	7.5
2051.5763	87.78	16
2085.9612	88.46	14.9
2120.9224	88.55	13.9
2156.4696	88.83	13.6
2192.6126	88.97	10.6
2229.3613	88.39	8.2
2266.7259	87.55	12.5
2304.7168	87.64	21.9
2343.3444	88.97	28.6
2382.6195	90.41	26.8
2422.5528	90.9	19.5
2463.1553	90.5	15.1
2504.4384	90.2	16.1
2546.4134	90.6	18.2
2589.0919	91.31	16.4
2632.4858	91.56	11.7
2676.6069	91.49	8
2721.4674	91.34	4.9
2767.0799	91.07	2.6
2813.4568	90.78	1.3
2860.6111	90.57	0.4
2908.5556	90.28	-0.7
2957.3037	89.99	-0.3
3006.8689	89.82	-1.1
3057.2647	89.16	0
3108.5052	89.12	6
3160.6045	89.65	6.6
3213.577	89.41	6.1
3267.4374	89.38	11.4
3322.2004	90.33	14.8
3377.8813	91.09	13
3434.4954	91.57	11.1
3492.0584	92.16	7.5
3550.5862	92.22	2.9
3610.0949	92.26	0.6
3670.6009	92.41	-2.5
3732.1211	92.49	-6.3
3794.6724	92.25	-9.8
3858.272	92.18	-11.1
3922.9376	92.3	-14.7
3988.687	92.01	-19
4055.5384	91.7	-21.3
4123.5102	91.49	-24.3
4192.6212	91.25	-28.3
4262.8906	90.53	-33
4334.3377	89.45	-32.6
4406.9822	89.04	-31.1
4480.8443	88.64	-32.7
4555.9444	87.76	-33
4632.3031	86.92	-29.4
4709.9417	86.66	-24.7
4788.8814	86.71	-22.6
4869.1443	86.46	-21.6
4950.7523	86.38	-17.4
5033.7281	86.78	-15.4
5118.0947	87.16	-16.5
5203.8752	86.98	-18.4
5291.0934	87	-17.6
5379.7734	87.21	-20.4
5469.9397	86.76	-24.6
5561.6173	85.85	-24.1
5654.8313	85.49	-20.9
5749.6077	85.13	-20.4
5845.9725	84.53	-15.2
5943.9525	84.99	-9.2
6043.5746	85.36	-9.6
6144.8664	85.33	-8.7
6247.8558	85.72	-7.8
6352.5714	85.86	-10.5
6459.0421	85.6	-11.7
6567.2972	85.46	-11.7
6677.3667	85.19	-12.4
6789.281	84.86	-10.7
6903.071	84.9	-9.1
7018.7682	84.7	-8.7
7136.4045	84.52	-5.4
7256.0123	84.72	-3.3
7377.6249	84.98	-0.8
7501.2757	85.65	-1
7626.9989	85.79	-4.9
7754.8293	85.53	-7
7884.8021	85.1	-8
8016.9533	84.6	-6.1
8151.3194	84.33	-3.1
8287.9375	84.27	1.4
8426.8454	84.66	4.6
8568.0814	85.11	6.3
8711.6845	85.58	6.4
8857.6945	85.97	5.1
9006.1516	86.05	2.6
9157.0969	85.84	1.3
9310.5721	85.42	1.7
9466.6196	85.15	5.5
9625.2825	85.35	10.5
9786.6046	86.08	14.5
9950.6305	87.14	16
10117.405	87.99	12.3
10286.976	88.12	7.6
10459.388	87.95	5
10634.69	87.71	5.2
10812.93	87.87	7.8
10994.157	88.53	9.7
11178.422	89.29	8.6
11365.775	89.89	5
11556.268	90.1	0.7
11749.954	90.14	-2.2
11946.886	90.23	-3.3
12147.119	90.51	-4.6
12350.708	90.92	-6.5
12557.708	91.34	-9.7
12768.179	91.54	-14.6
12982.177	91.49	-18.8
13199.761	91.39	-21.1
13420.992	91.49	-23.1
13645.931	91.74	-26.4
13874.641	91.91	-31
14107.183	91.86	-35.9
14343.623	91.5	-40.4
14584.025	91.02	-43.2
14828.457	90.71	-44.6
15076.986	90.64	-46.6
15329.68	90.49	-49.7
15586.609	90.18	-52.6
15847.844	89.92	-54.5
16113.458	89.71	-56
16383.524	89.62	-57.6
16658.115	89.54	-59.6
16937.31	89.42	-62.1
17221.183	89.12	-63.4
17509.814	89.17	-65.2
17803.283	89.15	-70.4
18101.67	88.45	-74.8
18405.059	87.72	-75.8
18713.532	87.34	-78.9
19027.176	86.02	-81.1
19346.076	83.89	-69.8
19670.321	83.77	-40.5
20000	85.6	-24.7
