19.86599	60.6	-143.3
20.19895	60.51	-135.4
20.53749	60.25	-125.2
20.8817	59.59	-111.8
21.23169	58.5	-96
21.58753	57.54	-82.1
21.94935	57.59	-75.2
22.31722	59.44	-75.7
22.69126	62.31	-81.8
23.07158	64.74	-90.6
23.45826	66.12	-99.7
23.85143	66.67	-108.5
24.25118	66.89	-116.8
24.65764	67.09	-123.7
25.07091	67.51	-128.8
25.4911	68.21	-132.3
25.91834	68.93	-135.2
26.35274	69.38	-138.5
26.79441	69.51	-142.6
27.2435	69.49	-147.4
27.7001	69.44	-152.1
28.16436	69.39	-156.4
28.63641	69.37	-160.1
29.11636	69.38	-162.5
29.60436	69.46	-163.5
30.10053	69.63	-163.8
30.60502	69.82	-164
31.11797	69.97	-164.7
31.63952	70.09	-166.2
32.1698	70.24	-168
32.70898	70.46	-169.8
33.25719	70.74	-171.5
33.81459	71.01	-173
34.38133	71.24	-174.4
34.95757	71.45	-175.6
35.54346	71.64	-176.9
36.13918	71.83	-178.2
36.74488	72.05	-157.6
37.36074	72.32	178.8
37.98691	72.58	177
38.62358	72.81	175.6
39.27092	72.99	174.4
39.92911	73.17	173.2
40.59833	73.36	171.9
41.27877	73.58	170.7
41.97061	73.84	169.6
42.67405	74.1	169.1
43.38928	74.39	169
44.11649	74.87	169
44.8559	75.53	168.2
45.60769	76.09	165.9
46.37209	76.44	161.8
47.1493	76.66	157.6
47.93953	76.83	154.4
48.74301	76.99	151.8
49.55995	77.15	149.4
50.39059	77.31	146.8
51.23515	77.47	144.2
52.09386	77.59	141.3
52.96697	77.64	138.4
53.85471	77.62	135.6
54.75733	77.55	133.1
55.67507	77.45	131.2
56.6082	77.34	129.6
57.55697	77.24	128.3
58.52164	77.16	127.4
59.50247	77.1	126.8
60.49975	77.04	126.3
61.51374	76.97	126
62.54472	76.94	126.2
63.59299	76.98	126.7
64.65882	77.08	127.2
65.74252	77.26	127.7
66.84438	77.48	128.1
67.96471	77.74	128.1
69.10382	78.01	128
70.26201	78.29	127.6
71.43962	78.57	127
72.63697	78.84	126.3
73.85438	79.12	125.5
75.0922	79.39	124.5
76.35076	79.67	123.5
77.63042	79.93	122.4
78.93152	80.19	121.2
80.25443	80.44	119.9
81.59952	80.7	118.6
82.96715	80.96	117.1
84.3577	81.21	115.4
85.77155	81.44	113.5
87.2091	81.66	111.6
88.67075	81.84	109.4
90.15689	81.99	107.1
91.66795	82.09	104.8
93.20432	82.15	102.3
94.76645	82.13	99.8
96.35476	81.99	97.3
97.96969	81.72	95.7
99.61168	81.41	95.5
101.2812	81.23	96.5
102.9787	81.22	98
104.70465	81.38	99.1
106.45952	81.62	99.7
108.24381	81.86	99.7
110.058	82.11	99.4
111.9026	82.35	98.9
113.77812	82.57	98.2
115.68507	82.78	97.4
117.62398	82.98	96.5
119.59538	83.16	95.6
121.59983	83.33	94.6
123.63787	83.49	93.7
125.71007	83.64	92.8
127.81701	83.8	91.9
129.95925	83.95	91
132.1374	84.1	90.1
134.35205	84.26	89.2
136.60383	84.41	88.2
138.89334	84.56	87.2
141.22123	84.7	86.2
143.58813	84.84	85.1
145.9947	84.96	84.1
148.44161	85.08	83.1
150.92953	85.2	82.1
153.45914	85.32	81.1
156.03116	85.43	80
158.64628	85.53	79.1
161.30523	85.63	78.1
164.00874	85.73	77.2
166.75757	85.83	76.4
169.55247	85.93	75.6
172.39421	86.05	74.8
175.28358	86.19	74
178.22137	86.33	73
181.2084	86.46	71.9
184.2455	86.57	70.7
187.3335	86.65	69.5
190.47326	86.73	68.4
193.66564	86.8	67.3
196.91152	86.87	66.2
200.2118	86.93	65.2
203.5674	86.98	64.2
206.97924	87.03	63.3
210.44827	87.08	62.5
213.97543	87.13	61.6
217.56171	87.18	60.9
221.2081	87.24	60.1
224.9156	87.29	59.4
228.68524	87.35	58.7
232.51806	87.42	58
236.41512	87.48	57.2
240.3775	87.55	56.5
244.40628	87.62	55.7
248.50259	87.68	54.9
252.66756	87.74	54.1
256.90233	87.8	53.4
261.20807	87.85	52.6
265.58598	87.9	51.9
270.03727	87.96	51.2
274.56316	88.01	50.5
279.16491	88.06	49.7
283.84378	88.12	49.1
288.60107	88.18	48.4
293.43809	88.23	47.6
298.35619	88.29	46.9
303.35671	88.34	46.1
308.44104	88.39	45.3
313.61059	88.44	44.6
318.86678	88.48	43.8
324.21107	88.51	43
329.64492	88.53	42.3
335.16985	88.55	41.7
340.78738	88.58	41.1
346.49906	88.62	40.5
352.30647	88.66	39.8
358.21121	88.7	39.1
364.21492	88.73	38.4
370.31925	88.76	37.7
376.5259	88.77	37
382.83656	88.78	36.4
389.253	88.79	35.8
395.77697	88.8	35.3
402.41029	88.82	34.9
409.15479	88.84	34.5
416.01232	88.88	34.1
422.98479	88.93	33.6
430.07412	88.92	33.7
437.28226	88.92	33.4
444.61122	88.87	32.7
452.06302	88.76	31.7
459.6397	88.57	31
467.34338	88.36	30.7
475.17617	88.17	30.6
483.14023	87.97	30.6
491.23778	87.74	30.6
499.47105	87.5	30.9
507.84231	87.21	31.4
516.35387	86.88	32.6
525.00808	86.59	35.1
533.80735	86.52	38.5
542.75409	86.7	41.5
551.85078	86.96	43.2
561.09994	87.17	44.3
570.50411	87.39	45.4
580.0659	87.7	46.5
589.78794	88.13	46.9
599.67293	88.58	45.9
609.7236	88.97	42.5
619.94272	89.11	38.5
630.33311	89.05	34.9
640.89765	88.91	32.2
651.63925	88.74	29.8
662.56088	88.49	27.4
673.66556	88.09	25.6
684.95636	87.56	25.1
696.4364	86.98	26.3
708.10884	86.48	29.9
719.97692	86.41	35.6
732.04391	86.95	40.8
744.31315	87.82	42.9
756.78802	88.63	41.8
769.47197	89.19	38.4
782.36851	89.41	34.1
795.4812	89.31	30
808.81366	88.96	27.2
822.36957	88.47	26.4
836.15269	87.99	27.8
850.16681	87.77	31.3
864.41582	87.97	35.4
878.90364	88.53	38.3
893.63428	89.29	39.4
908.61181	90.06	38
923.84036	90.63	34.5
939.32415	90.94	30
955.06746	91.01	25.4
971.07462	90.84	21
987.35007	90.45	17.8
1003.8983	89.94	16.5
1020.7239	89.48	17
1037.8315	89.23	18.8
1055.2258	89.24	20.9
1072.9116	89.48	22.3
1090.8939	89.86	22.3
1109.1775	90.19	20.6
1127.7676	90.29	17.8
1146.6693	90.13	15.5
1165.8877	89.88	14.7
1185.4283	89.77	15.1
1205.2964	89.83	15.2
1225.4974	89.89	14.3
1246.0371	89.87	13.5
1266.9209	89.84	12.6
1288.1549	89.73	11.9
1309.7446	89.62	12
1331.6963	89.63	12.5
1354.0158	89.77	12.5
1376.7095	89.87	11.5
1399.7835	89.81	10.4
1423.2442	89.74	10.7
1447.0981	89.96	11.3
1471.3518	90.34	9.9
1496.012	90.5	5.9
1521.0856	90.2	1.7
1546.5793	89.53	-0.1
1572.5004	88.84	1.4
1598.8559	88.52	5.5
1625.6531	88.74	9.4
1652.8994	89.3	10.5
1680.6024	89.74	8.7
1708.7697	89.78	5.6
1737.4091	89.47	3.9
1766.5285	89.2	5.1
1796.136	89.33	6.7
1826.2397	89.56	6.4
1856.8479	89.66	5.8
1887.9691	89.89	5.4
1919.612	90.15	3
1951.7851	90.02	-0.6
1984.4975	89.53	-1.5
2017.7582	89.42	0
2051.5763	89.54	-1.3
2085.9612	89.04	-2.8
2120.9224	88.54	1.7
2156.4696	89.05	6.7
2192.6126	89.83	7
2229.3613	90.44	3.9
2266.7259	90.51	-1.7
2304.7168	89.81	-4.4
2343.3444	89.27	-0.4
2382.6195	89.77	3.9
2422.5528	90.51	3.5
2463.1553	91.07	0.7
2504.4384	91.39	-4.3
2546.4134	91.16	-9.5
2589.0919	90.66	-11
2632.4858	90.58	-10.5
2676.6069	90.79	-12.3
2721.4674	90.63	-15.5
2767.0799	90.45	-15.8
2813.4568	90.87	-18.2
2860.6111	90.58	-25.7
2908.5556	89.22	-26.7
2957.3037	88.65	-20.7
3006.8689	88.82	-19.6
3057.2647	88.76	-20.9
3108.5052	88.26	-21.4
3160.6045	87.93	-17.5
3213.577	88.11	-15.1
3267.4374	88.2	-13.1
3322.2004	88.75	-10.2
3377.8813	89.52	-11.6
3434.4954	89.7	-14.9
3492.0584	89.9	-16.4
3550.5862	90.1	-19.5
3610.0949	90.08	-22
3670.6009	90.12	-23.7
3732.1211	90.41	-26.4
3794.6724	90.27	-31.2
3858.272	90.12	-32.9
3922.9376	90.01	-36.9
3988.687	89.77	-38.9
4055.5384	89.75	-43.3
4123.5102	89.25	-48
4192.6212	88.68	-51.5
4262.8906	87.89	-55.3
4334.3377	86.75	-55.3
4406.9822	86.04	-53.7
4480.8443	85.19	-52.2
4555.9444	84.66	-48.3
4632.3031	84.24	-45.5
4709.9417	83.96	-42.3
4788.8814	83.89	-35.9
4869.1443	84.63	-34
4950.7523	84.6	-33.7
5033.7281	85.04	-32.4
5118.0947	85.53	-34.3
5203.8752	85.66	-39.7
5291.0934	85.11	-42
5379.7734	84.86	-43.5
5469.9397	84.45	-45.9
5561.6173	83.53	-45.6
5654.8313	83.12	-41.3
5749.6077	82.98	-39
5845.9725	82.87	-36.3
5943.9525	83.31	-32
6043.5746	83.88	-32.7
6144.8664	84.16	-34.7
6247.8558	84.45	-37
6352.5714	84.55	-41.4
6459.0421	84.29	-45.5
6567.2972	83.78	-48.6
6677.3667	83.22	-50.7
6789.281	82.38	-49.9
6903.071	82.04	-47
7018.7682	81.97	-46
7136.4045	81.88	-45.1
7256.0123	81.9	-44.8
7377.6249	81.88	-44
7501.2757	82.17	-44.4
7626.9989	82.28	-47.8
7754.8293	81.99	-50.9
7884.8021	81.58	-52.7
8016.9533	81.1	-53.6
8151.3194	80.62	-53.1
8287.9375	80.33	-51.6
8426.8454	80.27	-49.8
8568.0814	80.46	-49.1
8711.6845	80.7	-50.5
8857.6945	80.88	-53.3
9006.1516	80.94	-57.6
9157.0969	80.76	-63.5
9310.5721	80.08	-68.9
9466.6196	79.03	-71.2
9625.2825	78.25	-69.5
9786.6046	78.14	-69.7
9950.6305	78.06	-74.7
10117.405	77.32	-81.6
10286.976	76.37	-87.7
10459.388	74.87	-93.5
10634.69	73.13	-95.7
10812.93	70.95	-92.5
10994.157	68.83	-88.9
11178.422	66.86	-80.1
11365.775	64.32	-88.1
11556.268	64.51	160.4
11749.954	65.56	78.2
11946.886	67.54	41.5
12147.119	69.52	31
12350.708	71.18	27.3
12557.708	72.64	26.1
12768.179	73.65	23.9
12982.177	74.52	20.4
13199.761	75.37	17.1
13420.992	76.32	12.9
13645.931	76.85	7.3
13874.641	76.9	1.4
14107.183	76.6	-4.6
14343.623	75.89	-7.8
14584.025	74.95	-5.6
14828.457	74.51	0.5
15076.986	75.08	9
15329.68	76.56	14.3
15586.609	78.09	14.7
15847.844	79.38	11.1
16113.458	80.4	6
16383.524	81.2	-0.9
16658.115	81.6	-8.7
16937.31	81.78	-14.5
17221.183	82.19	-18.3
17509.814	83.01	-22
17803.283	83.73	-30.4
18101.67	83.9	-41.4
18405.059	83.66	-49.9
18713.532	83.79	-55.2
19027.176	84.38	-62
19346.076	84.89	-71.8
19670.321	85.18	-80.9
20000	85.29	-87.3
