19.86599	60.6	-143.3
20.19895	60.51	-135.4
20.53749	60.25	-125.2
20.8817	59.59	-111.8
21.23169	58.5	-96
21.58753	57.54	-82.1
21.94935	57.59	-75.2
22.31722	59.44	-75.7
22.69126	62.31	-81.8
23.07158	64.74	-90.6
23.45826	66.12	-99.7
23.85143	66.67	-108.5
24.25118	66.89	-116.8
24.65764	67.09	-123.7
25.07091	67.51	-128.8
25.4911	68.21	-132.3
25.91834	68.93	-135.2
26.35274	69.38	-138.5
26.79441	69.51	-142.6
27.2435	69.49	-147.4
27.7001	69.44	-152.1
28.16436	69.39	-156.4
28.63641	69.37	-160.1
29.11636	69.38	-162.5
29.60436	69.46	-163.5
30.10053	69.63	-163.8
30.60502	69.82	-164
31.11797	69.97	-164.7
31.63952	70.09	-166.2
32.1698	70.24	-168
32.70898	70.46	-169.8
33.25719	70.74	-171.5
33.81459	71.01	-173
34.38133	71.24	-174.4
34.95757	71.45	-175.6
35.54346	71.64	-176.9
36.13918	71.83	-178.2
36.74488	72.05	-157.6
37.36074	72.32	178.8
37.98691	72.58	177
38.62358	72.81	175.6
39.27092	72.99	174.4
39.92911	73.17	173.2
40.59833	73.36	171.9
41.27877	73.58	170.7
41.97061	73.84	169.6
42.67405	74.1	169.1
43.38928	74.39	169
44.11649	74.87	169
44.8559	75.53	168.2
45.60769	76.09	165.9
46.37209	76.44	161.8
47.1493	76.66	157.6
47.93953	76.83	154.4
48.74301	76.99	151.8
49.55995	77.15	149.4
50.39059	77.31	146.8
51.23515	77.47	144.2
52.09386	77.59	141.3
52.96697	77.64	138.4
53.85471	77.62	135.6
54.75733	77.55	133.1
55.67507	77.45	131.2
56.6082	77.34	129.6
57.55697	77.24	128.3
58.52164	77.16	127.4
59.50247	77.1	126.8
60.49975	77.04	126.3
61.51374	76.97	126
62.54472	76.94	126.2
63.59299	76.98	126.7
64.65882	77.08	127.2
65.74252	77.26	127.7
66.84438	77.48	128.1
67.96471	77.74	128.1
69.10382	78.01	128
70.26201	78.29	127.6
71.43962	78.57	127
72.63697	78.84	126.3
73.85438	79.12	125.5
75.0922	79.39	124.5
76.35076	79.67	123.5
77.63042	79.93	122.4
78.93152	80.19	121.2
80.25443	80.44	119.9
81.59952	80.7	118.6
82.96715	80.96	117.1
84.3577	81.21	115.4
85.77155	81.44	113.5
87.2091	81.66	111.6
88.67075	81.84	109.4
90.15689	81.99	107.1
91.66795	82.09	104.8
93.20432	82.15	102.3
94.76645	82.13	99.8
96.35476	81.99	97.3
97.96969	81.72	95.7
99.61168	81.41	95.5
101.2812	81.23	96.5
102.9787	81.22	98
104.70465	81.38	99.1
106.45952	81.62	99.7
108.24381	81.86	99.7
110.058	82.11	99.4
111.9026	82.35	98.9
113.77812	82.57	98.2
115.68507	82.78	97.4
117.62398	82.98	96.5
119.59538	83.16	95.6
121.59983	83.33	94.6
123.63787	83.49	93.7
125.71007	83.64	92.8
127.81701	83.8	91.9
129.95925	83.95	91
132.1374	84.1	90.1
134.35205	84.26	89.2
136.60383	84.41	88.2
138.89334	84.56	87.2
141.22123	84.7	86.2
143.58813	84.84	85.1
145.9947	84.96	84.1
148.44161	85.08	83.1
150.92953	85.2	82.1
153.45914	85.32	81.1
156.03116	85.43	80
158.64628	85.53	79.1
161.30523	85.63	78.1
164.00874	85.73	77.2
166.75757	85.83	76.4
169.55247	85.93	75.6
172.39421	86.05	74.8
175.28358	86.19	74
178.22137	86.33	73
181.2084	86.46	71.9
184.2455	86.57	70.7
187.3335	86.65	69.5
190.47326	86.73	68.4
193.66564	86.8	67.3
196.91152	86.87	66.2
200.2118	86.93	65.2
203.5674	86.98	64.2
206.97924	87.03	63.3
210.44827	87.08	62.5
213.97543	87.13	61.6
217.56171	87.18	60.9
221.2081	87.24	60.1
224.9156	87.29	59.4
228.68524	87.35	58.7
232.51806	87.42	58
236.41512	87.48	57.2
240.3775	87.55	56.5
244.40628	87.62	55.7
248.50259	87.68	54.9
252.66756	87.74	54.1
256.90233	87.8	53.4
261.20807	87.85	52.6
265.58598	87.9	51.9
270.03727	87.96	51.2
274.56316	88.01	50.5
279.16491	88.06	49.7
283.84378	88.12	49.1
288.60107	88.18	48.4
293.43809	88.23	47.6
298.35619	88.29	46.9
303.35671	88.34	46.1
308.44104	88.39	45.3
313.61059	88.44	44.6
318.86678	88.48	43.8
324.21107	88.51	43
329.64492	88.53	42.3
335.16985	88.55	41.7
340.78738	88.58	41.1
346.49906	88.62	40.5
352.30647	88.66	39.8
358.21121	88.7	39.1
364.21492	88.73	38.4
370.31925	88.76	37.7
376.5259	88.77	37
382.83656	88.78	36.4
389.253	88.79	35.8
395.77697	88.8	35.3
402.41029	88.82	34.9
409.15479	88.84	34.5
416.01232	88.83	35
422.98479	88.84	35.2
430.07412	88.88	34.9
437.28226	88.91	34.2
444.61122	88.89	33.3
452.06302	88.84	32.3
459.6397	88.78	31.4
467.34338	88.72	30.2
475.17617	88.64	28.5
483.14023	88.44	26.6
491.23778	88.11	24.6
499.47105	87.6	23.2
507.84231	86.9	23.3
516.35387	86.13	26.1
525.00808	85.73	31.8
533.80735	85.94	37.1
542.75409	86.39	39.7
551.85078	86.71	40.4
561.09994	86.91	40.8
570.50411	87.12	41.5
580.0659	87.41	41.8
589.78794	87.71	41.3
599.67293	87.92	40
609.7236	88.1	37.9
619.94272	88.23	35.9
630.33311	88.32	34
640.89765	88.35	31.9
651.63925	88.28	29.8
662.56088	88.1	28.3
673.66556	87.85	27.9
684.95636	87.69	28.8
696.4364	87.74	30.3
708.10884	88.02	31.3
719.97692	88.41	31
732.04391	88.79	29.3
744.31315	89.06	26.2
756.78802	89.11	22.3
769.47197	88.9	18.4
782.36851	88.47	15.3
795.4812	87.86	13.4
808.81366	87.1	13.3
822.36957	86.22	15.7
836.15269	85.48	22.4
850.16681	85.56	32.6
864.41582	86.74	41.1
878.90364	88.29	43.8
893.63428	89.6	41.3
908.61181	90.48	35.7
923.84036	90.97	28.8
939.32415	91.04	21.4
955.06746	90.68	15
971.07462	90.01	11.1
987.35007	89.28	10.5
1003.8983	88.85	12.5
1020.7239	88.91	14.1
1037.8315	89.15	13.2
1055.2258	89.19	10.3
1072.9116	88.86	7.1
1090.8939	88.09	5.9
1109.1775	87.2	9.8
1127.7676	87.11	18.6
1146.6693	88.21	25.2
1165.8877	89.54	24.7
1185.4283	90.4	18.7
1205.2964	90.57	10.6
1225.4974	90.04	3.7
1246.0371	89.03	1.1
1266.9209	88.07	4.2
1288.1549	87.98	10.4
1309.7446	88.74	12.7
1331.6963	89.35	9.1
1354.0158	89.21	3.1
1376.7095	88.28	-0.1
1399.7835	87.11	4.7
1423.2442	87.11	15.5
1447.0981	88.52	22.1
1471.3518	90	20
1496.012	90.77	11.6
1521.0856	90.58	1.9
1546.5793	89.51	-3.8
1572.5004	88.12	-1
1598.8559	87.84	8.1
1625.6531	88.84	11.9
1652.8994	89.62	8.6
1680.6024	89.56	3.1
1708.7697	88.97	1.4
1737.4091	88.64	3.7
1766.5285	88.9	5.4
1796.136	89.16	4.6
1826.2397	89.2	3.6
1856.8479	89.29	3.6
1887.9691	89.56	3.1
1919.612	89.84	0.9
1951.7851	89.88	-2.7
1984.4975	89.48	-5.6
2017.7582	88.95	-4.7
2051.5763	88.97	-1.8
2085.9612	89.41	-1.1
2120.9224	89.89	-3.3
2156.4696	90	-8.6
2192.6126	89.28	-12.7
2229.3613	88.32	-8.7
2266.7259	88.65	-1.1
2304.7168	89.65	-0.7
2343.3444	90.08	-5.4
2382.6195	89.93	-9.4
2422.5528	89.61	-10.3
2463.1553	89.55	-9
2504.4384	90.14	-7.2
2546.4134	91.07	-11.2
2589.0919	91.15	-20.5
2632.4858	90.1	-25.4
2676.6069	89.31	-23.2
2721.4674	89.28	-22.5
2767.0799	89.11	-22.9
2813.4568	89.31	-22.4
2860.6111	89.57	-26.1
2908.5556	89.16	-30.1
2957.3037	88.65	-31.5
3006.8689	88.15	-31.8
3057.2647	87.77	-30
3108.5052	87.97	-28.2
3160.6045	88.23	-31.6
3213.577	87.49	-35.3
3267.4374	86.5	-29.8
3322.2004	86.87	-21.9
3377.8813	87.84	-20.6
3434.4954	88.54	-23.7
3492.0584	88.86	-28.7
3550.5862	88.77	-33.6
3610.0949	88.44	-37.7
3670.6009	87.9	-38.5
3732.1211	87.9	-38.4
3794.6724	87.97	-40.9
3858.272	87.87	-45
3922.9376	87.19	-47
3988.687	87.09	-46.1
4055.5384	87.03	-49.3
4123.5102	86.75	-52.7
4192.6212	86.16	-56.6
4262.8906	85.27	-57.6
4334.3377	84.54	-56.4
4406.9822	84.14	-55.2
4480.8443	83.63	-56.1
4555.9444	82.54	-52.7
4632.3031	82.34	-43.6
4709.9417	83.2	-40.2
4788.8814	83.3	-42.2
4869.1443	83.2	-40.2
4950.7523	83.96	-37.8
5033.7281	84.88	-42.9
5118.0947	84.41	-50.9
5203.8752	83.57	-50.4
5291.0934	83.78	-50.2
5379.7734	83.7	-56.4
5469.9397	82.56	-59.2
5561.6173	81.74	-55.6
5654.8313	81.67	-54.6
5749.6077	80.97	-54.2
5845.9725	80.76	-48.3
5943.9525	81.22	-46
6043.5746	81.65	-47.2
6144.8664	81.75	-48.3
6247.8558	82.21	-50.8
6352.5714	82.07	-55.9
6459.0421	81.85	-58
6567.2972	81.84	-62.1
6677.3667	81.42	-67.4
6789.281	80.54	-70.1
6903.071	79.89	-72
7018.7682	78.82	-72.4
7136.4045	78.16	-67.7
7256.0123	78.01	-65
7377.6249	78.19	-63.5
7501.2757	78.59	-65
7626.9989	78.74	-69.3
7754.8293	78.72	-75.8
7884.8021	77.89	-82.8
8016.9533	76.63	-85.2
8151.3194	75.5	-84.2
8287.9375	74.97	-80
8426.8454	75.19	-80
8568.0814	75.41	-84
8711.6845	75.57	-91.9
8857.6945	75.24	-103.6
9006.1516	74.34	-117
9157.0969	72.69	-128.8
9310.5721	71.1	-138.1
9466.6196	69.87	-147.5
9625.2825	69.89	-160.4
9786.6046	70.48	-156.1
9950.6305	71.57	153.3
10117.405	71.85	127.5
10286.976	72.58	108.3
10459.388	72.84	92.1
10634.69	73.37	82.8
10812.93	74.06	78.5
10994.157	75.44	73.2
11178.422	76.84	64.6
11365.775	77.79	53.9
11556.268	78.17	42.8
11749.954	78.23	35.2
11946.886	78.27	29.8
12147.119	78.48	23.9
12350.708	78.69	18.9
12557.708	79.01	14.5
12768.179	79.16	7.4
12982.177	78.87	0.1
13199.761	78.42	-3.9
13420.992	78.29	-7.1
13645.931	78.21	-11.9
13874.641	77.9	-17.3
14107.183	77.33	-21.3
14343.623	76.62	-24.5
14584.025	75.72	-24.2
14828.457	75.22	-21.8
15076.986	75.23	-17.8
15329.68	75.8	-16.7
15586.609	76.63	-19.4
15847.844	77.15	-25.5
16113.458	77.23	-33.7
16383.524	77.22	-40.2
16658.115	76.91	-45.7
16937.31	76.56	-49.6
17221.183	76.36	-55.4
17509.814	76.37	-61.4
17803.283	76.43	-69.7
18101.67	76.14	-78.7
18405.059	75.48	-85.1
18713.532	75.34	-85.8
19027.176	76.57	-88.8
19346.076	77.93	-100.4
19670.321	78.93	-115.8
20000	79.5	-127
