19.86599	60.6	-143.3
20.19895	60.51	-135.4
20.53749	60.25	-125.2
20.8817	59.59	-111.8
21.23169	58.5	-96
21.58753	57.54	-82.1
21.94935	57.59	-75.2
22.31722	59.44	-75.7
22.69126	62.31	-81.8
23.07158	64.74	-90.6
23.45826	66.12	-99.7
23.85143	66.67	-108.5
24.25118	66.89	-116.8
24.65764	67.09	-123.7
25.07091	67.51	-128.8
25.4911	68.21	-132.3
25.91834	68.93	-135.2
26.35274	69.38	-138.5
26.79441	69.51	-142.6
27.2435	69.49	-147.4
27.7001	69.44	-152.1
28.16436	69.39	-156.4
28.63641	69.37	-160.1
29.11636	69.38	-162.5
29.60436	69.46	-163.5
30.10053	69.63	-163.8
30.60502	69.82	-164
31.11797	69.97	-164.7
31.63952	70.09	-166.2
32.1698	70.24	-168
32.70898	70.46	-169.8
33.25719	70.74	-171.5
33.81459	71.01	-173
34.38133	71.24	-174.4
34.95757	71.45	-175.6
35.54346	71.64	-176.9
36.13918	71.83	-178.2
36.74488	72.05	-157.6
37.36074	72.32	178.8
37.98691	72.58	177
38.62358	72.81	175.6
39.27092	72.99	174.4
39.92911	73.17	173.2
40.59833	73.36	171.9
41.27877	73.58	170.7
41.97061	73.84	169.6
42.67405	74.1	169.1
43.38928	74.39	169
44.11649	74.87	169
44.8559	75.53	168.2
45.60769	76.09	165.9
46.37209	76.44	161.8
47.1493	76.66	157.6
47.93953	76.83	154.4
48.74301	76.99	151.8
49.55995	77.15	149.4
50.39059	77.31	146.8
51.23515	77.47	144.2
52.09386	77.59	141.3
52.96697	77.64	138.4
53.85471	77.62	135.6
54.75733	77.55	133.1
55.67507	77.45	131.2
56.6082	77.34	129.6
57.55697	77.24	128.3
58.52164	77.16	127.4
59.50247	77.1	126.8
60.49975	77.04	126.3
61.51374	76.97	126
62.54472	76.94	126.2
63.59299	76.98	126.7
64.65882	77.08	127.2
65.74252	77.26	127.7
66.84438	77.48	128.1
67.96471	77.74	128.1
69.10382	78.01	128
70.26201	78.29	127.6
71.43962	78.57	127
72.63697	78.84	126.3
73.85438	79.12	125.5
75.0922	79.39	124.5
76.35076	79.67	123.5
77.63042	79.93	122.4
78.93152	80.19	121.2
80.25443	80.44	119.9
81.59952	80.7	118.6
82.96715	80.96	117.1
84.3577	81.21	115.4
85.77155	81.44	113.5
87.2091	81.66	111.6
88.67075	81.84	109.4
90.15689	81.99	107.1
91.66795	82.09	104.8
93.20432	82.15	102.3
94.76645	82.13	99.8
96.35476	81.99	97.3
97.96969	81.72	95.7
99.61168	81.41	95.5
101.2812	81.23	96.5
102.9787	81.22	98
104.70465	81.38	99.1
106.45952	81.62	99.7
108.24381	81.86	99.7
110.058	82.11	99.4
111.9026	82.35	98.9
113.77812	82.57	98.2
115.68507	82.78	97.4
117.62398	82.98	96.5
119.59538	83.16	95.6
121.59983	83.33	94.6
123.63787	83.49	93.7
125.71007	83.64	92.8
127.81701	83.8	91.9
129.95925	83.95	91
132.1374	84.1	90.1
134.35205	84.26	89.2
136.60383	84.41	88.2
138.89334	84.56	87.2
141.22123	84.7	86.2
143.58813	84.84	85.1
145.9947	84.96	84.1
148.44161	85.08	83.1
150.92953	85.2	82.1
153.45914	85.32	81.1
156.03116	85.43	80
158.64628	85.53	79.1
161.30523	85.63	78.1
164.00874	85.73	77.2
166.75757	85.83	76.4
169.55247	85.93	75.6
172.39421	86.05	74.8
175.28358	86.19	74
178.22137	86.33	73
181.2084	86.46	71.9
184.2455	86.57	70.7
187.3335	86.65	69.5
190.47326	86.73	68.4
193.66564	86.8	67.3
196.91152	86.87	66.2
200.2118	86.93	65.2
203.5674	86.98	64.2
206.97924	87.03	63.3
210.44827	87.08	62.5
213.97543	87.13	61.6
217.56171	87.18	60.9
221.2081	87.24	60.1
224.9156	87.29	59.4
228.68524	87.35	58.7
232.51806	87.42	58
236.41512	87.48	57.2
240.3775	87.55	56.5
244.40628	87.62	55.7
248.50259	87.68	54.9
252.66756	87.74	54.1
256.90233	87.8	53.4
261.20807	87.85	52.6
265.58598	87.9	51.9
270.03727	87.96	51.2
274.56316	88.01	50.5
279.16491	88.06	49.7
283.84378	88.12	49.1
288.60107	88.18	48.4
293.43809	88.23	47.6
298.35619	88.29	46.9
303.35671	88.34	46.1
308.44104	88.39	45.3
313.61059	88.44	44.6
318.86678	88.48	43.8
324.21107	88.51	43
329.64492	88.53	42.3
335.16985	88.55	41.7
340.78738	88.58	41.1
346.49906	88.62	40.5
352.30647	88.66	39.8
358.21121	88.7	39.1
364.21492	88.73	38.4
370.31925	88.76	37.7
376.5259	88.77	37
382.83656	88.78	36.4
389.253	88.79	35.8
395.77697	88.8	35.3
402.41029	88.82	34.9
409.15479	88.84	34.5
416.01232	88.88	34.1
422.98479	88.93	33.6
430.07412	88.97	33.1
437.28226	89.02	32.5
444.61122	88.99	32.9
452.06302	88.98	33
459.6397	88.95	32.6
467.34338	88.87	31.9
475.17617	88.73	31.1
483.14023	88.53	30.3
491.23778	88.25	29.9
499.47105	87.95	30
507.84231	87.65	30.3
516.35387	87.3	30.7
525.00808	86.85	31.9
533.80735	86.38	35
542.75409	86.19	39.8
551.85078	86.43	44.4
561.09994	86.85	47.2
570.50411	87.24	48.7
580.0659	87.65	49.6
589.78794	88.1	49.5
599.67293	88.51	48
609.7236	88.81	43.9
619.94272	88.8	39.4
630.33311	88.49	35.9
640.89765	88.03	34.2
651.63925	87.54	34.4
662.56088	87.17	36.6
673.66556	87.16	40
684.95636	87.49	42.5
696.4364	87.95	43.1
708.10884	88.31	42.4
719.97692	88.56	41.3
732.04391	88.8	40.1
744.31315	89.04	38.3
756.78802	89.18	35.5
769.47197	89.09	32.4
782.36851	88.75	29.8
795.4812	88.22	28.8
808.81366	87.55	29.8
822.36957	86.92	34.5
836.15269	86.95	42.9
850.16681	87.97	50.7
864.41582	89.48	53.3
878.90364	90.79	50.2
893.63428	91.57	43.4
908.61181	91.78	35.7
923.84036	91.55	29
939.32415	90.93	24.6
955.06746	90.14	24.2
971.07462	89.7	27.5
987.35007	89.93	31.2
1003.8983	90.59	31.8
1020.7239	91.15	28.8
1037.8315	91.31	23.8
1055.2258	91	19.1
1072.9116	90.34	17.2
1090.8939	89.72	18.7
1109.1775	89.54	22.1
1127.7676	89.77	24.7
1146.6693	90.19	25.4
1165.8877	90.55	24.5
1185.4283	90.77	22.7
1205.2964	90.9	20.7
1225.4974	90.92	18.4
1246.0371	90.75	16.4
1266.9209	90.46	16.2
1288.1549	90.38	17.9
1309.7446	90.74	19.2
1331.6963	91.29	18
1354.0158	91.62	13.7
1376.7095	91.44	8.5
1399.7835	90.78	5.9
1423.2442	90.16	7.8
1447.0981	90.2	11.5
1471.3518	90.82	12
1496.012	91.25	7.7
1521.0856	91	1.9
1546.5793	90.11	-0.4
1572.5004	89.28	3.7
1598.8559	89.48	10.4
1625.6531	90.48	11.7
1652.8994	91.18	6.6
1680.6024	91.07	-0.8
1708.7697	90.25	-5.8
1737.4091	89.12	-5.4
1766.5285	88.42	-0.5
1796.136	88.44	4
1826.2397	88.65	6
1856.8479	88.92	8.1
1887.9691	89.59	8.8
1919.612	90.15	4.4
1951.7851	89.86	-2
1984.4975	88.83	-3.3
2017.7582	88.25	0.9
2051.5763	88.24	2.9
2085.9612	87.97	4.6
2120.9224	88.02	9.8
2156.4696	88.81	12.1
2192.6126	89.23	9.5
2229.3613	89.11	7.7
2266.7259	89.01	8.5
2304.7168	89.16	9.2
2343.3444	89.17	9
2382.6195	89.21	12
2422.5528	90.06	14.4
2463.1553	90.82	10.7
2504.4384	90.76	6.1
2546.4134	90.61	6
2589.0919	91.16	5.6
2632.4858	91.5	-0.4
2676.6069	90.87	-5.1
2721.4674	90.33	-2.8
2767.0799	90.75	-2
2813.4568	90.88	-6.7
2860.6111	90.31	-8.8
2908.5556	90.29	-8.2
2957.3037	90.24	-12.6
3006.8689	89.19	-14
3057.2647	88.59	-7.1
3108.5052	89.05	-4.2
3160.6045	89.13	-5.1
3213.577	89.11	-5.5
3267.4374	88.66	-4
3322.2004	89.04	4.1
3377.8813	90.28	5.1
3434.4954	90.87	1.2
3492.0584	91.25	-2
3550.5862	91.44	-6.5
3610.0949	91.37	-9.4
3670.6009	91.46	-11.3
3732.1211	91.74	-14.5
3794.6724	91.69	-20.1
3858.272	91.14	-22.8
3922.9376	90.99	-24
3988.687	90.74	-25.9
4055.5384	90.76	-27.5
4123.5102	90.73	-31
4192.6212	90.57	-36.3
4262.8906	89.74	-40.9
4334.3377	88.8	-41
4406.9822	88.45	-40.4
4480.8443	87.85	-43.4
4555.9444	86.71	-41
4632.3031	86.2	-36.5
4709.9417	86.08	-33.3
4788.8814	85.92	-31.9
4869.1443	85.73	-28.1
4950.7523	86.14	-24.6
5033.7281	86.65	-25.3
5118.0947	86.77	-27.9
5203.8752	86.67	-28.9
5291.0934	86.81	-30.9
5379.7734	86.71	-35.3
5469.9397	85.93	-38.7
5561.6173	85.04	-37.5
5654.8313	84.57	-35
5749.6077	83.94	-32.6
5845.9725	83.65	-27.2
5943.9525	83.98	-21.5
6043.5746	84.46	-20.8
6144.8664	84.71	-20.2
6247.8558	85.22	-20.6
6352.5714	85.4	-24.5
6459.0421	85.14	-26.7
6567.2972	84.98	-28.3
6677.3667	84.54	-30.3
6789.281	83.98	-29.4
6903.071	83.64	-27.2
7018.7682	83.36	-25.3
7136.4045	83.25	-21.2
7256.0123	83.68	-18.1
7377.6249	84	-17.6
7501.2757	84.49	-17.4
7626.9989	84.84	-20.3
7754.8293	84.88	-23.9
7884.8021	84.53	-27.6
8016.9533	83.81	-27.7
8151.3194	83.34	-25.3
8287.9375	83.11	-21.6
8426.8454	83.34	-17.9
8568.0814	83.81	-16
8711.6845	84.37	-16.1
8857.6945	84.79	-18.6
9006.1516	84.91	-22.2
9157.0969	84.64	-25.4
9310.5721	84.19	-26.6
9466.6196	83.66	-24.5
9625.2825	83.69	-21.1
9786.6046	84	-18.3
9950.6305	84.64	-17.8
10117.405	85.2	-20.6
10286.976	85.31	-25.4
10459.388	84.95	-28.8
10634.69	84.44	-29.4
10812.93	84.27	-26.8
10994.157	84.57	-24.9
11178.422	85.14	-25.9
11365.775	85.44	-29.1
11556.268	85.33	-33.2
11749.954	85.05	-34.7
11946.886	84.93	-34.4
12147.119	85.07	-34.5
12350.708	85.37	-35.4
12557.708	85.69	-37.8
12768.179	85.78	-41.7
12982.177	85.64	-45.5
13199.761	85.44	-47
13420.992	85.54	-47.9
13645.931	85.77	-50.9
13874.641	85.85	-55.3
14107.183	85.83	-60.4
14343.623	85.51	-66
14584.025	84.92	-71.1
14828.457	84.37	-74.8
15076.986	83.78	-78.3
15329.68	82.99	-82.5
15586.609	82.04	-84.9
15847.844	80.89	-85.3
16113.458	79.38	-83.5
16383.524	78.13	-76.3
16658.115	77.92	-69.8
16937.31	77.97	-64.7
17221.183	77.99	-56.9
17509.814	78.36	-50.7
17803.283	79.09	-47.2
18101.67	79.61	-45.9
18405.059	80.2	-43.1
18713.532	81.32	-39.4
19027.176	82.84	-36.8
19346.076	84.27	-38.6
19670.321	85.4	-42.2
20000	86.04	-45.7
