5.00000	-19.509	-47.055
5.07273	-19.078	-47.007
5.14651	-18.648	-46.958
5.22137	-18.216	-46.907
5.29732	-17.784	-46.855
5.37437	-17.352	-46.802
5.45254	-16.919	-46.748
5.53185	-16.485	-46.693
5.61231	-16.051	-46.637
5.69394	-15.616	-46.581
5.77676	-15.180	-46.524
5.86079	-14.744	-46.467
5.94604	-14.308	-46.410
6.03252	-13.870	-46.352
6.12027	-13.433	-46.295
6.20929	-12.994	-46.238
6.29961	-12.555	-46.182
6.39124	-12.115	-46.126
6.48420	-11.675	-46.071
6.57851	-11.234	-46.016
6.67420	-10.793	-45.963
6.77128	-10.351	-45.911
6.86977	-9.908	-45.860
6.96969	-9.465	-45.811
7.07107	-9.021	-45.763
7.17392	-8.577	-45.717
7.27827	-8.132	-45.673
7.38413	-7.687	-45.631
7.49154	-7.241	-45.591
7.60050	-6.794	-45.554
7.71105	-6.347	-45.519
7.82321	-5.900	-45.486
7.93701	-5.452	-45.457
8.05245	-5.003	-45.430
8.16958	-4.554	-45.407
8.28841	-4.105	-45.386
8.40896	-3.655	-45.370
8.53128	-3.204	-45.356
8.65537	-2.754	-45.347
8.78126	-2.302	-45.341
8.90899	-1.851	-45.339
9.03857	-1.399	-45.341
9.17004	-0.947	-45.347
9.30342	-0.494	-45.358
9.43874	-0.041	-45.373
9.57603	0.412	-45.392
9.71532	0.866	-45.417
9.85663	1.320	-45.446
10.0000	1.774	-45.480
10.1455	2.228	-45.519
10.2930	2.682	-45.564
10.4427	3.137	-45.614
10.5946	3.591	-45.669
10.7487	4.046	-45.730
10.9051	4.501	-45.796
11.0637	4.956	-45.869
11.2246	5.411	-45.947
11.3879	5.866	-46.031
11.5535	6.321	-46.122
11.7216	6.775	-46.218
11.8921	7.230	-46.321
12.0650	7.685	-46.430
12.2405	8.139	-46.546
12.4186	8.593	-46.668
12.5992	9.047	-46.797
12.7825	9.500	-46.933
12.9684	9.953	-47.076
13.1570	10.406	-47.225
13.3484	10.858	-47.381
13.5426	11.310	-47.545
13.7395	11.761	-47.716
13.9394	12.211	-47.893
14.1421	12.661	-48.078
14.3478	13.110	-48.271
14.5565	13.559	-48.470
14.7683	14.006	-48.677
14.9831	14.453	-48.892
15.2010	14.898	-49.113
15.4221	15.343	-49.342
15.6464	15.786	-49.579
15.8740	16.228	-49.823
16.1049	16.669	-50.074
16.3392	17.108	-50.332
16.5768	17.546	-50.598
16.8179	17.982	-50.871
17.0626	18.417	-51.151
17.3107	18.850	-51.438
17.5625	19.281	-51.732
17.8180	19.709	-52.033
18.0771	20.136	-52.340
18.3401	20.560	-52.653
18.6068	20.981	-52.972
18.8775	21.400	-53.297
19.1521	21.816	-53.628
19.4306	22.229	-53.963
19.7133	22.639	-54.303
20.0000	23.045	-54.647
20.2909	23.448	-54.994
20.5860	23.847	-55.343
20.8855	24.241	-55.695
21.1893	24.631	-56.047
21.4975	25.016	-56.399
21.8102	25.396	-56.749
22.1274	25.770	-57.097
22.4492	26.139	-57.440
22.7758	26.501	-57.776
23.1071	26.856	-58.104
23.4432	27.204	-58.420
23.7841	27.544	-58.722
24.1301	27.876	-59.006
24.4811	28.198	-59.268
24.8372	28.510	-59.503
25.1984	28.812	-59.706
25.5649	29.103	-59.870
25.9368	29.381	-59.986
26.3141	29.646	-60.046
26.6968	29.896	-60.038
27.0851	30.131	-59.948
27.4791	30.350	-59.761
27.8788	30.551	-59.455
28.2843	30.733	-59.007
28.6957	30.897	-58.388
29.1131	31.041	-57.562
29.5365	31.165	-56.486
29.9661	31.271	-55.107
30.4020	31.361	-53.363
30.8442	31.441	-51.182
31.2929	31.521	-48.482
31.7480	31.612	-45.180
32.2098	31.738	-41.203
32.6783	31.925	-36.509
33.1536	32.209	-31.119
33.6359	32.628	-25.152
34.1251	33.213	-18.837
34.6215	33.982	-12.492
35.1250	34.929	-6.460
35.6359	36.030	-1.028
36.1543	37.250	3.615
36.6802	38.552	7.394
37.2137	39.901	10.314
37.7550	41.272	12.430
38.3041	42.648	13.819
38.8613	44.015	14.559
39.4265	45.365	14.724
40.0000	46.693	14.380
40.5818	47.997	13.579
41.1721	49.273	12.366
41.7710	50.521	10.777
42.3785	51.739	8.841
42.9949	52.926	6.583
43.6203	54.081	4.025
44.2548	55.202	1.186
44.8985	56.288	-1.916
45.5515	57.338	-5.262
46.2141	58.348	-8.832
46.8863	59.318	-12.604
47.5683	60.246	-16.556
48.2602	61.131	-20.662
48.9621	61.971	-24.895
49.6743	62.766	-29.224
50.3968	63.516	-33.622
51.1299	64.221	-38.060
51.8736	64.884	-42.509
52.6281	65.506	-46.944
53.3936	66.089	-51.344
54.1702	66.637	-55.688
54.9581	67.151	-59.962
55.7575	67.636	-64.155
56.5685	68.093	-68.257
57.3914	68.527	-72.265
58.2261	68.939	-76.176
59.0730	69.332	-79.990
59.9323	69.708	-83.708
60.8040	70.070	-87.334
61.6884	70.418	-90.872
62.5857	70.755	-94.326
63.4960	71.082	-97.700
64.4196	71.400	-101.001
65.3566	71.709	-104.233
66.3073	72.010	-107.400
67.2717	72.305	-110.509
68.2502	72.593	-113.562
69.2429	72.874	-116.565
70.2501	73.150	-119.520
71.2719	73.420	-122.432
72.3086	73.684	-125.304
73.3603	73.943	-128.138
74.4274	74.196	-130.936
75.5099	74.443	-133.702
76.6083	74.685	-136.435
77.7226	74.921	-139.139
78.8531	75.151	-141.814
80.0000	75.376	-144.462
81.1636	75.595	-147.081
82.3442	75.807	-149.674
83.5419	76.013	-152.240
84.7570	76.213	-154.778
85.9899	76.406	-157.287
87.2406	76.593	-159.768
88.5096	76.772	-162.218
89.7970	76.945	-164.637
91.1031	77.111	-167.021
92.4282	77.269	-169.369
93.7726	77.421	-171.677
95.1366	77.565	-173.943
96.5204	77.703	-176.164
97.9243	77.833	-178.335
99.3486	77.957	179.547
100.794	78.074	177.488
102.260	78.186	175.491
103.747	78.292	173.562
105.256	78.394	171.703
106.787	78.492	169.921
108.340	78.588	168.217
109.916	78.682	166.596
111.515	78.777	165.057
113.137	78.873	163.602
114.783	78.973	162.227
116.452	79.078	160.930
118.146	79.189	159.705
119.865	79.309	158.542
121.608	79.438	157.432
123.377	79.577	156.362
125.171	79.727	155.320
126.992	79.888	154.291
128.839	80.060	153.262
130.713	80.242	152.219
132.615	80.434	151.152
134.543	80.634	150.049
136.500	80.840	148.904
138.486	81.051	147.710
140.500	81.266	146.464
142.544	81.482	145.165
144.617	81.699	143.812
146.721	81.915	142.409
148.855	82.129	140.957
151.020	82.340	139.461
153.217	82.547	137.925
155.445	82.749	136.353
157.706	82.946	134.751
160.000	83.137	133.122
162.327	83.323	131.472
164.688	83.502	129.805
167.084	83.676	128.124
169.514	83.843	126.435
171.980	84.005	124.739
174.481	84.160	123.040
177.019	84.310	121.342
179.594	84.454	119.646
182.206	84.592	117.954
184.856	84.725	116.269
187.545	84.852	114.592
190.273	84.975	112.925
193.041	85.093	111.269
195.849	85.206	109.625
198.697	85.315	107.994
201.587	85.420	106.376
204.520	85.520	104.774
207.494	85.616	103.186
210.512	85.709	101.614
213.574	85.798	100.059
216.681	85.884	98.519
219.833	85.966	96.996
223.030	86.045	95.490
226.274	86.121	94.001
229.565	86.195	92.529
232.905	86.265	91.073
236.292	86.333	89.635
239.729	86.398	88.215
243.216	86.461	86.811
246.754	86.521	85.424
250.343	86.579	84.054
253.984	86.635	82.701
257.678	86.689	81.365
261.426	86.741	80.045
265.229	86.791	78.742
269.087	86.839	77.455
273.001	86.886	76.184
276.972	86.930	74.930
281.000	86.973	73.690
285.088	87.015	72.467
289.234	87.055	71.259
293.441	87.094	70.066
297.709	87.131	68.888
302.040	87.167	67.725
306.433	87.201	66.576
310.890	87.235	65.442
315.412	87.267	64.322
320.000	87.298	63.216
324.655	87.328	62.123
329.377	87.357	61.045
334.168	87.385	59.979
339.028	87.412	58.927
343.959	87.438	57.887
348.962	87.463	56.860
354.038	87.487	55.846
359.188	87.511	54.843
364.412	87.533	53.853
369.713	87.555	52.875
375.090	87.576	51.908
380.546	87.597	50.953
386.081	87.617	50.008
391.697	87.636	49.075
397.394	87.654	48.153
403.175	87.672	47.241
409.039	87.689	46.339
414.989	87.706	45.448
421.025	87.722	44.566
427.149	87.737	43.695
433.362	87.752	42.833
439.665	87.767	41.980
446.060	87.781	41.137
452.548	87.794	40.302
459.131	87.807	39.477
465.809	87.820	38.660
472.584	87.832	37.851
479.458	87.844	37.051
486.432	87.856	36.259
493.507	87.867	35.474
500.686	87.877	34.698
507.968	87.888	33.929
515.357	87.898	33.167
522.853	87.908	32.413
530.458	87.917	31.665
538.174	87.926	30.925
546.002	87.935	30.191
553.943	87.943	29.464
562.001	87.952	28.743
570.175	87.960	28.028
578.469	87.967	27.320
586.883	87.975	26.617
595.419	87.982	25.920
604.080	87.989	25.228
612.866	87.996	24.542
621.780	88.002	23.861
630.824	88.009	23.185
640.000	88.015	22.515
649.309	88.021	21.849
658.753	88.026	21.187
668.335	88.032	20.530
678.056	88.037	19.878
687.919	88.042	19.229
697.925	88.047	18.585
708.077	88.052	17.945
718.376	88.057	17.308
728.825	88.061	16.675
739.426	88.066	16.045
750.181	88.070	15.419
761.093	88.074	14.796
772.163	88.078	14.176
783.394	88.081	13.558
794.789	88.085	12.944
806.349	88.089	12.332
818.078	88.092	11.722
829.977	88.095	11.115
842.050	88.098	10.510
854.298	88.101	9.907
866.724	88.104	9.306
879.330	88.107	8.707
892.120	88.109	8.109
905.097	88.112	7.513
918.262	88.114	6.918
931.618	88.116	6.325
945.169	88.118	5.732
958.917	88.120	5.140
972.864	88.122	4.549
987.015	88.124	3.959
1001.37	88.126	3.369
1015.94	88.127	2.779
1030.71	88.128	2.190
1045.71	88.130	1.601
1060.92	88.131	1.011
1076.35	88.132	0.422
1092.00	88.133	-0.168
1107.89	88.134	-0.759
1124.00	88.135	-1.350
1140.35	88.135	-1.942
1156.94	88.136	-2.535
1173.77	88.136	-3.129
1190.84	88.136	-3.724
1208.16	88.137	-4.321
1225.73	88.137	-4.920
1243.56	88.136	-5.520
1261.65	88.136	-6.122
1280.00	88.136	-6.726
1298.62	88.135	-7.332
1317.51	88.135	-7.941
1336.67	88.134	-8.552
1356.11	88.133	-9.166
1375.84	88.132	-9.782
1395.85	88.130	-10.402
1416.15	88.129	-11.025
1436.75	88.127	-11.651
1457.65	88.125	-12.281
1478.85	88.123	-12.914
1500.36	88.121	-13.551
1522.19	88.118	-14.192
1544.33	88.116	-14.838
1566.79	88.113	-15.488
1589.58	88.110	-16.142
1612.70	88.106	-16.801
1636.16	88.102	-17.466
1659.95	88.098	-18.135
1684.10	88.094	-18.809
1708.60	88.090	-19.490
1733.45	88.085	-20.175
1758.66	88.080	-20.867
1784.24	88.074	-21.565
1810.19	88.068	-22.269
1836.52	88.062	-22.979
1863.24	88.055	-23.696
1890.34	88.048	-24.420
1917.83	88.040	-25.151
1945.73	88.032	-25.890
1974.03	88.024	-26.635
2002.74	88.014	-27.389
2031.87	88.005	-28.150
2061.43	87.995	-28.920
2091.41	87.984	-29.697
2121.83	87.972	-30.483
2152.69	87.960	-31.278
2184.01	87.947	-32.082
2215.77	87.934	-32.895
2248.00	87.919	-33.717
2280.70	87.904	-34.548
2313.87	87.888	-35.389
2347.53	87.871	-36.240
2381.68	87.853	-37.101
2416.32	87.835	-37.971
2451.46	87.815	-38.853
2487.12	87.794	-39.744
2523.30	87.772	-40.647
2560.00	87.748	-41.560
2597.24	87.724	-42.484
2635.01	87.698	-43.419
2673.34	87.671	-44.365
2712.23	87.642	-45.322
2751.68	87.612	-46.291
2791.70	87.580	-47.271
2832.31	87.547	-48.262
2873.50	87.512	-49.265
2915.30	87.475	-50.279
2957.70	87.437	-51.304
3000.72	87.396	-52.341
3044.37	87.354	-53.390
3088.65	87.309	-54.449
3133.58	87.262	-55.520
3179.16	87.213	-56.602
3225.40	87.162	-57.695
3272.31	87.109	-58.798
3319.91	87.052	-59.912
3368.20	86.994	-61.036
3417.19	86.933	-62.171
3466.89	86.869	-63.315
3517.32	86.802	-64.468
3568.48	86.733	-65.631
3620.39	86.660	-66.802
3673.05	86.585	-67.982
3726.47	86.506	-69.169
3780.67	86.425	-70.364
3835.67	86.340	-71.565
3891.46	86.252	-72.773
3948.06	86.160	-73.986
4005.49	86.066	-75.205
4063.75	85.968	-76.429
4122.86	85.866	-77.656
4182.82	85.761	-78.887
4243.66	85.653	-80.120
4305.39	85.540	-81.355
4368.01	85.425	-82.592
4431.55	85.306	-83.829
4496.01	85.183	-85.067
4561.40	85.056	-86.303
4627.75	84.926	-87.538
4695.06	84.793	-88.771
4763.35	84.656	-90.001
4832.64	84.515	-91.228
4902.93	84.371	-92.450
4974.24	84.223	-93.667
5046.60	84.072	-94.879
5120.00	83.917	-96.085
5194.47	83.759	-97.284
5270.03	83.597	-98.476
5346.68	83.433	-99.659
5424.45	83.265	-100.834
5503.35	83.094	-102.001
5583.40	82.919	-103.157
5664.61	82.742	-104.304
5747.01	82.562	-105.441
5830.60	82.379	-106.566
5915.41	82.193	-107.680
6001.45	82.004	-108.783
6088.74	81.813	-109.874
6177.30	81.618	-110.952
6267.15	81.422	-112.019
6358.31	81.223	-113.072
6450.80	81.021	-114.112
6544.62	80.817	-115.139
6639.82	80.611	-116.153
6736.40	80.403	-117.153
6834.38	80.193	-118.139
6933.79	79.981	-119.112
7034.64	79.767	-120.071
7136.96	79.551	-121.016
7240.77	79.333	-121.946
7346.09	79.113	-122.863
7452.94	78.892	-123.765
7561.35	78.670	-124.654
7671.33	78.446	-125.528
7782.91	78.220	-126.389
7896.12	77.993	-127.235
8010.97	77.765	-128.067
8127.49	77.536	-128.886
8245.71	77.305	-129.691
8365.65	77.074	-130.483
8487.33	76.841	-131.261
8610.78	76.608	-132.026
8736.03	76.374	-132.778
8863.09	76.139	-133.517
8992.01	75.903	-134.243
9122.80	75.666	-134.957
9255.50	75.429	-135.659
9390.12	75.191	-136.350
9526.70	74.952	-137.028
9665.27	74.713	-137.695
9805.86	74.473	-138.352
9948.49	74.233	-138.997
10093.2	73.993	-139.632
10240.0	73.751	-140.257
10388.9	73.510	-140.871
10540.1	73.268	-141.476
10693.4	73.026	-142.072
10848.9	72.783	-142.658
11006.7	72.540	-143.235
11166.8	72.296	-143.803
11329.2	72.052	-144.363
11494.0	71.808	-144.913
11661.2	71.563	-145.456
11830.8	71.317	-145.989
12002.9	71.072	-146.514
12177.5	70.826	-147.031
12354.6	70.579	-147.539
12534.3	70.332	-148.038
12716.6	70.085	-148.529
12901.6	69.838	-149.011
13089.2	69.590	-149.485
13279.6	69.342	-149.951
13472.8	69.094	-150.408
13668.8	68.845	-150.856
13867.6	68.597	-151.297
14069.3	68.348	-151.729
14273.9	68.099	-152.153
14481.5	67.850	-152.570
14692.2	67.602	-152.980
14905.9	67.353	-153.382
15122.7	67.104	-153.778
15342.7	66.855	-154.168
15565.8	66.606	-154.552
15792.2	66.358	-154.930
16021.9	66.109	-155.303
16255.0	65.860	-155.672
16491.4	65.612	-156.035
16731.3	65.363	-156.394
16974.7	65.114	-156.748
17221.6	64.864	-157.097
17472.1	64.615	-157.442
17726.2	64.365	-157.781
17984.0	64.115	-158.115
18245.6	63.865	-158.443
18511.0	63.614	-158.766
18780.2	63.364	-159.082
19053.4	63.113	-159.392
19330.5	62.863	-159.697
19611.7	62.612	-159.995
19897.0	62.361	-160.287
20186.4	62.111	-160.575
20480.0	61.861	-160.857
20777.9	61.610	-161.135
21080.1	61.360	-161.409
21386.7	61.111	-161.680
21697.8	60.861	-161.948
22013.4	60.611	-162.214
22333.6	60.361	-162.477
22658.4	60.111	-162.737
22988.0	59.861	-162.993
23322.4	59.610	-163.247
23661.6	59.360	-163.496
24005.8	59.109	-163.740
24355.0	58.857	-163.980
24709.2	58.606	-164.214
25068.6	58.355	-164.443
25433.2	58.104	-164.668
25803.2	57.853	-164.888
26178.5	57.603	-165.104
26559.3	57.353	-165.318
26945.6	57.102	-165.530
27337.5	56.852	-165.740
27735.2	56.602	-165.949
28138.6	56.352	-166.156
28547.9	56.101	-166.362
28963.1	55.851	-166.564
29384.4	55.600	-166.763
29811.8	55.348	-166.957
30245.4	55.097	-167.146
30685.3	54.846	-167.331
31131.7	54.595	-167.511
31584.5	54.344	-167.689
32043.9	54.093	-167.864
32510.0	53.843	-168.038
32982.8	53.593	-168.211
33462.6	53.343	-168.385
33949.3	53.092	-168.556
34443.1	52.841	-168.726
34944.1	52.590	-168.893
35452.4	52.339	-169.055
35968.0	52.088	-169.212
36491.2	51.836	-169.365
37022.0	51.586	-169.515
37560.5	51.335	-169.663
38106.8	51.085	-169.811
38661.1	50.835	-169.959
39223.4	50.584	-170.107
39793.9	50.333	-170.254
